This file contains any messages produced by compilers while
running configure, to aid debugging if configure makes a mistake.

It was created by configure, which was
generated by GNU Autoconf 2.69.  Invocation command line was

  $ ./configure --enable-vehicles

## --------- ##
## Platform. ##
## --------- ##

hostname = visionstudio
uname -m = x86_64
uname -r = 4.4.0-70-generic
uname -s = Linux
uname -v = #91-Ubuntu SMP Wed Mar 22 12:47:43 UTC 2017

/usr/bin/uname -p = unknown
/bin/uname -X     = unknown

/bin/arch              = unknown
/usr/bin/arch -k       = unknown
/usr/convex/getsysinfo = unknown
/usr/bin/hostinfo      = unknown
/bin/machine           = unknown
/usr/bin/oslevel       = unknown
/bin/universe          = unknown

PATH: /home/visionstudio/bin
PATH: /home/visionstudio/.local/bin
PATH: /usr/local/sbin
PATH: /usr/local/bin
PATH: /usr/sbin
PATH: /usr/bin
PATH: /sbin
PATH: /bin
PATH: /usr/games
PATH: /usr/local/games
PATH: /snap/bin


## ----------- ##
## Core tests. ##
## ----------- ##

configure:2229: checking for grep that handles long lines and -e
configure:2287: result: /bin/grep
configure:2292: checking for egrep
configure:2354: result: /bin/grep -E
configure:2359: checking for a sed that does not truncate output
configure:2423: result: /bin/sed
configure:2562: checking for cc
configure:2578: found /usr/bin/cc
configure:2589: result: cc
configure:2620: checking for C compiler version
configure:2629: cc --version >&5
cc (Ubuntu 5.4.0-6ubuntu1~16.04.4) 5.4.0 20160609
Copyright (C) 2015 Free Software Foundation, Inc.
This is free software; see the source for copying conditions.  There is NO
warranty; not even for MERCHANTABILITY or FITNESS FOR A PARTICULAR PURPOSE.

configure:2640: $? = 0
configure:2629: cc -v >&5
Using built-in specs.
COLLECT_GCC=cc
COLLECT_LTO_WRAPPER=/usr/lib/gcc/x86_64-linux-gnu/5/lto-wrapper
Target: x86_64-linux-gnu
Configured with: ../src/configure -v --with-pkgversion='Ubuntu 5.4.0-6ubuntu1~16.04.4' --with-bugurl=file:///usr/share/doc/gcc-5/README.Bugs --enable-languages=c,ada,c++,java,go,d,fortran,objc,obj-c++ --prefix=/usr --program-suffix=-5 --enable-shared --enable-linker-build-id --libexecdir=/usr/lib --without-included-gettext --enable-threads=posix --libdir=/usr/lib --enable-nls --with-sysroot=/ --enable-clocale=gnu --enable-libstdcxx-debug --enable-libstdcxx-time=yes --with-default-libstdcxx-abi=new --enable-gnu-unique-object --disable-vtable-verify --enable-libmpx --enable-plugin --with-system-zlib --disable-browser-plugin --enable-java-awt=gtk --enable-gtk-cairo --with-java-home=/usr/lib/jvm/java-1.5.0-gcj-5-amd64/jre --enable-java-home --with-jvm-root-dir=/usr/lib/jvm/java-1.5.0-gcj-5-amd64 --with-jvm-jar-dir=/usr/lib/jvm-exports/java-1.5.0-gcj-5-amd64 --with-arch-directory=amd64 --with-ecj-jar=/usr/share/java/eclipse-ecj.jar --enable-objc-gc --enable-multiarch --disable-werror --with-arch-32=i686 --with-abi=m64 --with-multilib-list=m32,m64,mx32 --enable-multilib --with-tune=generic --enable-checking=release --build=x86_64-linux-gnu --host=x86_64-linux-gnu --target=x86_64-linux-gnu
Thread model: posix
gcc version 5.4.0 20160609 (Ubuntu 5.4.0-6ubuntu1~16.04.4) 
configure:2640: $? = 0
configure:2629: cc -V >&5
cc: error: unrecognized command line option '-V'
cc: fatal error: no input files
compilation terminated.
configure:2640: $? = 1
configure:2629: cc -qversion >&5
cc: error: unrecognized command line option '-qversion'
cc: fatal error: no input files
compilation terminated.
configure:2640: $? = 1
configure:2660: checking whether the C compiler works
configure:2682: cc    conftest.c  >&5
configure:2686: $? = 0
configure:2734: result: yes
configure:2737: checking for C compiler default output file name
configure:2739: result: a.out
configure:2745: checking for suffix of executables
configure:2752: cc -o conftest    conftest.c  >&5
configure:2756: $? = 0
configure:2778: result: 
configure:2800: checking whether we are cross compiling
configure:2808: cc -o conftest    conftest.c  >&5
configure:2812: $? = 0
configure:2819: ./conftest
configure:2823: $? = 0
configure:2838: result: no
configure:2843: checking for suffix of object files
configure:2865: cc -c   conftest.c >&5
configure:2869: $? = 0
configure:2890: result: o
configure:2894: checking whether we are using the GNU C compiler
configure:2913: cc -c   conftest.c >&5
configure:2913: $? = 0
configure:2922: result: yes
configure:2931: checking whether cc accepts -g
configure:2951: cc -c -g  conftest.c >&5
configure:2951: $? = 0
configure:2992: result: yes
configure:3009: checking for cc option to accept ISO C89
configure:3072: cc  -c -g -O2  conftest.c >&5
configure:3072: $? = 0
configure:3085: result: none needed
configure:3111: checking how to run the C preprocessor
configure:3142: cc -E  conftest.c
configure:3142: $? = 0
configure:3156: cc -E  conftest.c
conftest.c:9:28: fatal error: ac_nonexistent.h: No such file or directory
compilation terminated.
configure:3156: $? = 1
configure: failed program was:
| /* confdefs.h */
| #define PACKAGE_NAME ""
| #define PACKAGE_TARNAME ""
| #define PACKAGE_VERSION ""
| #define PACKAGE_STRING ""
| #define PACKAGE_BUGREPORT ""
| #define PACKAGE_URL ""
| /* end confdefs.h.  */
| #include <ac_nonexistent.h>
configure:3181: result: cc -E
configure:3201: cc -E  conftest.c
configure:3201: $? = 0
configure:3215: cc -E  conftest.c
conftest.c:9:28: fatal error: ac_nonexistent.h: No such file or directory
compilation terminated.
configure:3215: $? = 1
configure: failed program was:
| /* confdefs.h */
| #define PACKAGE_NAME ""
| #define PACKAGE_TARNAME ""
| #define PACKAGE_VERSION ""
| #define PACKAGE_STRING ""
| #define PACKAGE_BUGREPORT ""
| #define PACKAGE_URL ""
| /* end confdefs.h.  */
| #include <ac_nonexistent.h>
configure:3246: checking for icc
configure:3255: result: no
configure:3269: checking for suncc
configure:3278: result: no
configure:3296: checking whether cc understands -c and -o together
configure:3324: cc -c conftest.c -o conftest2.o >&5
configure:3328: $? = 0
configure:3334: cc -c conftest.c -o conftest2.o >&5
configure:3338: $? = 0
configure:3393: result: yes
configure:3407: checking for system library directory
configure:3422: result: lib
configure:3429: checking if compiler supports -R
configure:3448: cc -o conftest -g -O2   conftest.c -R /usr/lib  >&5
cc: error: unrecognized command line option '-R'
configure:3448: $? = 1
configure: failed program was:
| /* confdefs.h */
| #define PACKAGE_NAME ""
| #define PACKAGE_TARNAME ""
| #define PACKAGE_VERSION ""
| #define PACKAGE_STRING ""
| #define PACKAGE_BUGREPORT ""
| #define PACKAGE_URL ""
| /* end confdefs.h.  */
| 
| int
| main ()
| {
| 
|   ;
|   return 0;
| }
configure:3458: result: no
configure:3463: checking if compiler supports -Wl,-rpath,
configure:3482: cc -o conftest -g -O2   conftest.c -Wl,-rpath,/usr/lib  >&5
configure:3482: $? = 0
configure:3492: result: yes
configure:3537: checking build system type
configure:3551: result: x86_64-pc-linux-gnu
configure:3571: checking host system type
configure:3584: result: x86_64-pc-linux-gnu
configure:3604: checking target system type
configure:3617: result: x86_64-pc-linux-gnu
configure:3720: checking for PHP prefix
configure:3722: result: /usr
configure:3724: checking for PHP includes
configure:3726: result: -I/usr/include/php/20151012 -I/usr/include/php/20151012/main -I/usr/include/php/20151012/TSRM -I/usr/include/php/20151012/Zend -I/usr/include/php/20151012/ext -I/usr/include/php/20151012/ext/date/lib
configure:3728: checking for PHP extension directory
configure:3730: result: /usr/lib/php/20151012
configure:3732: checking for PHP installed headers prefix
configure:3734: result: /usr/include/php/20151012
configure:3737: checking if debug is enabled
configure:3763: result: no
configure:3766: checking if zts is enabled
configure:3792: result: no
configure:3863: checking for re2c
configure:3893: result: no
configure:3918: WARNING: You will need re2c 0.13.4 or later if you want to regenerate PHP parsers.
configure:3932: checking for gawk
configure:3963: result: no
configure:3932: checking for nawk
configure:3949: found /usr/bin/nawk
configure:3960: result: nawk
configure:3983: checking if nawk is broken
configure:3990: result: no
configure:4003: checking Whether to enable the "vehicles" extension
configure:4042: result: yes, shared
configure:4109: checking for g++
configure:4125: found /usr/bin/g++
configure:4136: result: g++
configure:4163: checking for C++ compiler version
configure:4172: g++ --version >&5
g++ (Ubuntu 5.4.0-6ubuntu1~16.04.4) 5.4.0 20160609
Copyright (C) 2015 Free Software Foundation, Inc.
This is free software; see the source for copying conditions.  There is NO
warranty; not even for MERCHANTABILITY or FITNESS FOR A PARTICULAR PURPOSE.

configure:4183: $? = 0
configure:4172: g++ -v >&5
Using built-in specs.
COLLECT_GCC=g++
COLLECT_LTO_WRAPPER=/usr/lib/gcc/x86_64-linux-gnu/5/lto-wrapper
Target: x86_64-linux-gnu
Configured with: ../src/configure -v --with-pkgversion='Ubuntu 5.4.0-6ubuntu1~16.04.4' --with-bugurl=file:///usr/share/doc/gcc-5/README.Bugs --enable-languages=c,ada,c++,java,go,d,fortran,objc,obj-c++ --prefix=/usr --program-suffix=-5 --enable-shared --enable-linker-build-id --libexecdir=/usr/lib --without-included-gettext --enable-threads=posix --libdir=/usr/lib --enable-nls --with-sysroot=/ --enable-clocale=gnu --enable-libstdcxx-debug --enable-libstdcxx-time=yes --with-default-libstdcxx-abi=new --enable-gnu-unique-object --disable-vtable-verify --enable-libmpx --enable-plugin --with-system-zlib --disable-browser-plugin --enable-java-awt=gtk --enable-gtk-cairo --with-java-home=/usr/lib/jvm/java-1.5.0-gcj-5-amd64/jre --enable-java-home --with-jvm-root-dir=/usr/lib/jvm/java-1.5.0-gcj-5-amd64 --with-jvm-jar-dir=/usr/lib/jvm-exports/java-1.5.0-gcj-5-amd64 --with-arch-directory=amd64 --with-ecj-jar=/usr/share/java/eclipse-ecj.jar --enable-objc-gc --enable-multiarch --disable-werror --with-arch-32=i686 --with-abi=m64 --with-multilib-list=m32,m64,mx32 --enable-multilib --with-tune=generic --enable-checking=release --build=x86_64-linux-gnu --host=x86_64-linux-gnu --target=x86_64-linux-gnu
Thread model: posix
gcc version 5.4.0 20160609 (Ubuntu 5.4.0-6ubuntu1~16.04.4) 
configure:4183: $? = 0
configure:4172: g++ -V >&5
g++: error: unrecognized command line option '-V'
g++: fatal error: no input files
compilation terminated.
configure:4183: $? = 1
configure:4172: g++ -qversion >&5
g++: error: unrecognized command line option '-qversion'
g++: fatal error: no input files
compilation terminated.
configure:4183: $? = 1
configure:4187: checking whether we are using the GNU C++ compiler
configure:4206: g++ -c   conftest.cpp >&5
configure:4206: $? = 0
configure:4215: result: yes
configure:4224: checking whether g++ accepts -g
configure:4244: g++ -c -g  conftest.cpp >&5
configure:4244: $? = 0
configure:4285: result: yes
configure:4313: checking how to run the C++ preprocessor
configure:4340: g++ -E  conftest.cpp
configure:4340: $? = 0
configure:4354: g++ -E  conftest.cpp
conftest.cpp:9:28: fatal error: ac_nonexistent.h: No such file or directory
compilation terminated.
configure:4354: $? = 1
configure: failed program was:
| /* confdefs.h */
| #define PACKAGE_NAME ""
| #define PACKAGE_TARNAME ""
| #define PACKAGE_VERSION ""
| #define PACKAGE_STRING ""
| #define PACKAGE_BUGREPORT ""
| #define PACKAGE_URL ""
| /* end confdefs.h.  */
| #include <ac_nonexistent.h>
configure:4379: result: g++ -E
configure:4399: g++ -E  conftest.cpp
configure:4399: $? = 0
configure:4413: g++ -E  conftest.cpp
conftest.cpp:9:28: fatal error: ac_nonexistent.h: No such file or directory
compilation terminated.
configure:4413: $? = 1
configure: failed program was:
| /* confdefs.h */
| #define PACKAGE_NAME ""
| #define PACKAGE_TARNAME ""
| #define PACKAGE_VERSION ""
| #define PACKAGE_STRING ""
| #define PACKAGE_BUGREPORT ""
| #define PACKAGE_URL ""
| /* end confdefs.h.  */
| #include <ac_nonexistent.h>
configure:4826: checking how to print strings
configure:4853: result: printf
configure:4874: checking for a sed that does not truncate output
configure:4938: result: /bin/sed
configure:4956: checking for fgrep
configure:5018: result: /bin/grep -F
configure:5053: checking for ld used by cc
configure:5120: result: /usr/bin/ld
configure:5127: checking if the linker (/usr/bin/ld) is GNU ld
configure:5142: result: yes
configure:5154: checking for BSD- or MS-compatible name lister (nm)
configure:5208: result: /usr/bin/nm -B
configure:5338: checking the name lister (/usr/bin/nm -B) interface
configure:5345: cc -c -g -O2  conftest.c >&5
configure:5348: /usr/bin/nm -B "conftest.o"
configure:5351: output
0000000000000000 B some_variable
configure:5358: result: BSD nm
configure:5361: checking whether ln -s works
configure:5365: result: yes
configure:5373: checking the maximum length of command line arguments
configure:5504: result: 1572864
configure:5552: checking how to convert x86_64-pc-linux-gnu file names to x86_64-pc-linux-gnu format
configure:5592: result: func_convert_file_noop
configure:5599: checking how to convert x86_64-pc-linux-gnu file names to toolchain format
configure:5619: result: func_convert_file_noop
configure:5626: checking for /usr/bin/ld option to reload object files
configure:5633: result: -r
configure:5707: checking for objdump
configure:5723: found /usr/bin/objdump
configure:5734: result: objdump
configure:5766: checking how to recognize dependent libraries
configure:5966: result: pass_all
configure:6051: checking for dlltool
configure:6081: result: no
configure:6111: checking how to associate runtime and link libraries
configure:6138: result: printf %s\n
configure:6198: checking for ar
configure:6214: found /usr/bin/ar
configure:6225: result: ar
configure:6262: checking for archiver @FILE support
configure:6279: cc -c -g -O2  conftest.c >&5
configure:6279: $? = 0
configure:6282: ar cru libconftest.a @conftest.lst >&5
ar: `u' modifier ignored since `D' is the default (see `U')
configure:6285: $? = 0
configure:6290: ar cru libconftest.a @conftest.lst >&5
ar: `u' modifier ignored since `D' is the default (see `U')
ar: conftest.o: No such file or directory
configure:6293: $? = 1
configure:6305: result: @
configure:6363: checking for strip
configure:6379: found /usr/bin/strip
configure:6390: result: strip
configure:6462: checking for ranlib
configure:6478: found /usr/bin/ranlib
configure:6489: result: ranlib
configure:6566: checking for gawk
configure:6593: result: nawk
configure:6633: checking command to parse /usr/bin/nm -B output from cc object
configure:6786: cc -c -g -O2  conftest.c >&5
configure:6789: $? = 0
configure:6793: /usr/bin/nm -B conftest.o \| sed -n -e 's/^.*[ ]\([ABCDGIRSTW][ABCDGIRSTW]*\)[ ][ ]*\([_A-Za-z][_A-Za-z0-9]*\)$/\1 \2 \2/p' | sed '/ __gnu_lto/d' \> conftest.nm
configure:6796: $? = 0
configure:6862: cc -o conftest -g -O2   conftest.c conftstm.o >&5
configure:6865: $? = 0
configure:6903: result: ok
configure:6950: checking for sysroot
configure:6980: result: no
configure:6987: checking for a working dd
configure:7025: result: /bin/dd
configure:7029: checking how to truncate binary pipes
configure:7044: result: /bin/dd bs=4096 count=1
configure:7180: cc -c -g -O2  conftest.c >&5
configure:7183: $? = 0
configure:7373: checking for mt
configure:7389: found /bin/mt
configure:7400: result: mt
configure:7423: checking if mt is a manifest tool
configure:7429: mt '-?'
configure:7437: result: no
configure:8109: checking for ANSI C header files
configure:8129: cc -c -g -O2  conftest.c >&5
configure:8129: $? = 0
configure:8202: cc -o conftest -g -O2   conftest.c -lstdc++  >&5
configure:8202: $? = 0
configure:8202: ./conftest
configure:8202: $? = 0
configure:8213: result: yes
configure:8226: checking for sys/types.h
configure:8226: cc -c -g -O2  conftest.c >&5
configure:8226: $? = 0
configure:8226: result: yes
configure:8226: checking for sys/stat.h
configure:8226: cc -c -g -O2  conftest.c >&5
configure:8226: $? = 0
configure:8226: result: yes
configure:8226: checking for stdlib.h
configure:8226: cc -c -g -O2  conftest.c >&5
configure:8226: $? = 0
configure:8226: result: yes
configure:8226: checking for string.h
configure:8226: cc -c -g -O2  conftest.c >&5
configure:8226: $? = 0
configure:8226: result: yes
configure:8226: checking for memory.h
configure:8226: cc -c -g -O2  conftest.c >&5
configure:8226: $? = 0
configure:8226: result: yes
configure:8226: checking for strings.h
configure:8226: cc -c -g -O2  conftest.c >&5
configure:8226: $? = 0
configure:8226: result: yes
configure:8226: checking for inttypes.h
configure:8226: cc -c -g -O2  conftest.c >&5
configure:8226: $? = 0
configure:8226: result: yes
configure:8226: checking for stdint.h
configure:8226: cc -c -g -O2  conftest.c >&5
configure:8226: $? = 0
configure:8226: result: yes
configure:8226: checking for unistd.h
configure:8226: cc -c -g -O2  conftest.c >&5
configure:8226: $? = 0
configure:8226: result: yes
configure:8240: checking for dlfcn.h
configure:8240: cc -c -g -O2  conftest.c >&5
configure:8240: $? = 0
configure:8240: result: yes
configure:8507: checking for objdir
configure:8522: result: .libs
configure:8786: checking if cc supports -fno-rtti -fno-exceptions
configure:8804: cc -c -g -O2  -fno-rtti -fno-exceptions conftest.c >&5
cc1: warning: command line option '-fno-rtti' is valid for C++/ObjC++ but not for C
configure:8808: $? = 0
configure:8821: result: no
configure:9179: checking for cc option to produce PIC
configure:9186: result: -fPIC -DPIC
configure:9194: checking if cc PIC flag -fPIC -DPIC works
configure:9212: cc -c -g -O2  -fPIC -DPIC -DPIC conftest.c >&5
configure:9216: $? = 0
configure:9229: result: yes
configure:9258: checking if cc static flag -static works
configure:9286: result: yes
configure:9301: checking if cc supports -c -o file.o
configure:9322: cc -c -g -O2  -o out/conftest2.o conftest.c >&5
configure:9326: $? = 0
configure:9348: result: yes
configure:9356: checking if cc supports -c -o file.o
configure:9403: result: yes
configure:9436: checking whether the cc linker (/usr/bin/ld -m elf_x86_64) supports shared libraries
configure:10699: result: yes
configure:10736: checking whether -lc should be explicitly linked in
configure:10744: cc -c -g -O2  conftest.c >&5
configure:10747: $? = 0
configure:10762: cc -shared  -fPIC -DPIC conftest.o  -v -Wl,-soname -Wl,conftest -o conftest 2\>\&1 \| /bin/grep  -lc  \>/dev/null 2\>\&1
configure:10765: $? = 0
configure:10779: result: no
configure:10939: checking dynamic linker characteristics
configure:11520: cc -o conftest -g -O2   -Wl,-rpath -Wl,/foo conftest.c -lstdc++  >&5
configure:11520: $? = 0
configure:11769: result: GNU/Linux ld.so
configure:11891: checking how to hardcode library paths into programs
configure:11916: result: immediate
configure:12464: checking whether stripping libraries is possible
configure:12469: result: yes
configure:12504: checking if libtool supports shared libraries
configure:12506: result: yes
configure:12509: checking whether to build shared libraries
configure:12534: result: yes
configure:12537: checking whether to build static libraries
configure:12541: result: no
configure:12564: checking how to run the C++ preprocessor
configure:12630: result: g++ -E
configure:12650: g++ -E  conftest.cpp
configure:12650: $? = 0
configure:12664: g++ -E  conftest.cpp
conftest.cpp:22:28: fatal error: ac_nonexistent.h: No such file or directory
compilation terminated.
configure:12664: $? = 1
configure: failed program was:
| /* confdefs.h */
| #define PACKAGE_NAME ""
| #define PACKAGE_TARNAME ""
| #define PACKAGE_VERSION ""
| #define PACKAGE_STRING ""
| #define PACKAGE_BUGREPORT ""
| #define PACKAGE_URL ""
| #define COMPILE_DL_VEHICLES 1
| #define STDC_HEADERS 1
| #define HAVE_SYS_TYPES_H 1
| #define HAVE_SYS_STAT_H 1
| #define HAVE_STDLIB_H 1
| #define HAVE_STRING_H 1
| #define HAVE_MEMORY_H 1
| #define HAVE_STRINGS_H 1
| #define HAVE_INTTYPES_H 1
| #define HAVE_STDINT_H 1
| #define HAVE_UNISTD_H 1
| #define HAVE_DLFCN_H 1
| #define LT_OBJDIR ".libs/"
| /* end confdefs.h.  */
| #include <ac_nonexistent.h>
configure:12826: checking for ld used by g++
configure:12893: result: /usr/bin/ld -m elf_x86_64
configure:12900: checking if the linker (/usr/bin/ld -m elf_x86_64) is GNU ld
configure:12915: result: yes
configure:12970: checking whether the g++ linker (/usr/bin/ld -m elf_x86_64) supports shared libraries
configure:14043: result: yes
configure:14079: g++ -c -g -O2  conftest.cpp >&5
configure:14082: $? = 0
configure:14563: checking for g++ option to produce PIC
configure:14570: result: -fPIC -DPIC
configure:14578: checking if g++ PIC flag -fPIC -DPIC works
configure:14596: g++ -c -g -O2  -fPIC -DPIC -DPIC conftest.cpp >&5
configure:14600: $? = 0
configure:14613: result: yes
configure:14636: checking if g++ static flag -static works
configure:14664: result: yes
configure:14676: checking if g++ supports -c -o file.o
configure:14697: g++ -c -g -O2  -o out/conftest2.o conftest.cpp >&5
configure:14701: $? = 0
configure:14723: result: yes
configure:14728: checking if g++ supports -c -o file.o
configure:14775: result: yes
configure:14805: checking whether the g++ linker (/usr/bin/ld -m elf_x86_64) supports shared libraries
configure:14848: result: yes
configure:14989: checking dynamic linker characteristics
configure:15746: result: GNU/Linux ld.so
configure:15811: checking how to hardcode library paths into programs
configure:15836: result: immediate
configure:16136: creating ./config.status

## ---------------------- ##
## Running config.status. ##
## ---------------------- ##

This file was extended by config.status, which was
generated by GNU Autoconf 2.69.  Invocation command line was

  CONFIG_FILES    = 
  CONFIG_HEADERS  = 
  CONFIG_LINKS    = 
  CONFIG_COMMANDS = 
  $ ./config.status 

on visionstudio

config.status:944: creating config.h
config.status:1048: executing libtool commands

## ---------------- ##
## Cache variables. ##
## ---------------- ##

ac_cv_build=x86_64-pc-linux-gnu
ac_cv_c_compiler_gnu=yes
ac_cv_cxx_compiler_gnu=yes
ac_cv_env_CCC_set=
ac_cv_env_CCC_value=
ac_cv_env_CC_set=
ac_cv_env_CC_value=
ac_cv_env_CFLAGS_set=
ac_cv_env_CFLAGS_value=
ac_cv_env_CPPFLAGS_set=
ac_cv_env_CPPFLAGS_value=
ac_cv_env_CPP_set=
ac_cv_env_CPP_value=
ac_cv_env_CXXCPP_set=
ac_cv_env_CXXCPP_value=
ac_cv_env_CXXFLAGS_set=
ac_cv_env_CXXFLAGS_value=
ac_cv_env_CXX_set=
ac_cv_env_CXX_value=
ac_cv_env_LDFLAGS_set=
ac_cv_env_LDFLAGS_value=
ac_cv_env_LIBS_set=
ac_cv_env_LIBS_value=
ac_cv_env_LT_SYS_LIBRARY_PATH_set=
ac_cv_env_LT_SYS_LIBRARY_PATH_value=
ac_cv_env_build_alias_set=
ac_cv_env_build_alias_value=
ac_cv_env_host_alias_set=
ac_cv_env_host_alias_value=
ac_cv_env_target_alias_set=
ac_cv_env_target_alias_value=
ac_cv_header_dlfcn_h=yes
ac_cv_header_inttypes_h=yes
ac_cv_header_memory_h=yes
ac_cv_header_stdc=yes
ac_cv_header_stdint_h=yes
ac_cv_header_stdlib_h=yes
ac_cv_header_string_h=yes
ac_cv_header_strings_h=yes
ac_cv_header_sys_stat_h=yes
ac_cv_header_sys_types_h=yes
ac_cv_header_unistd_h=yes
ac_cv_host=x86_64-pc-linux-gnu
ac_cv_objext=o
ac_cv_path_EGREP='/bin/grep -E'
ac_cv_path_FGREP='/bin/grep -F'
ac_cv_path_GREP=/bin/grep
ac_cv_path_SED=/bin/sed
ac_cv_path_lt_DD=/bin/dd
ac_cv_prog_AWK=nawk
ac_cv_prog_CPP='cc -E'
ac_cv_prog_CXXCPP='g++ -E'
ac_cv_prog_ac_ct_AR=ar
ac_cv_prog_ac_ct_CC=cc
ac_cv_prog_ac_ct_CXX=g++
ac_cv_prog_ac_ct_MANIFEST_TOOL=mt
ac_cv_prog_ac_ct_OBJDUMP=objdump
ac_cv_prog_ac_ct_RANLIB=ranlib
ac_cv_prog_ac_ct_STRIP=strip
ac_cv_prog_cc_c89=
ac_cv_prog_cc_cc_c_o=yes
ac_cv_prog_cc_g=yes
ac_cv_prog_cxx_g=yes
ac_cv_target=x86_64-pc-linux-gnu
lt_cv_ar_at_file=@
lt_cv_archive_cmds_need_lc=no
lt_cv_deplibs_check_method=pass_all
lt_cv_file_magic_cmd='$MAGIC_CMD'
lt_cv_file_magic_test_file=
lt_cv_ld_reload_flag=-r
lt_cv_nm_interface='BSD nm'
lt_cv_objdir=.libs
lt_cv_path_LD=/usr/bin/ld
lt_cv_path_LDCXX='/usr/bin/ld -m elf_x86_64'
lt_cv_path_NM='/usr/bin/nm -B'
lt_cv_path_mainfest_tool=no
lt_cv_prog_compiler_c_o=yes
lt_cv_prog_compiler_c_o_CXX=yes
lt_cv_prog_compiler_pic='-fPIC -DPIC'
lt_cv_prog_compiler_pic_CXX='-fPIC -DPIC'
lt_cv_prog_compiler_pic_works=yes
lt_cv_prog_compiler_pic_works_CXX=yes
lt_cv_prog_compiler_rtti_exceptions=no
lt_cv_prog_compiler_static_works=yes
lt_cv_prog_compiler_static_works_CXX=yes
lt_cv_prog_gnu_ld=yes
lt_cv_prog_gnu_ldcxx=yes
lt_cv_sharedlib_from_linklib_cmd='printf %s\n'
lt_cv_shlibpath_overrides_runpath=no
lt_cv_sys_global_symbol_pipe='sed -n -e '\''s/^.*[	 ]\([ABCDGIRSTW][ABCDGIRSTW]*\)[	 ][	 ]*\([_A-Za-z][_A-Za-z0-9]*\)$/\1 \2 \2/p'\'' | sed '\''/ __gnu_lto/d'\'''
lt_cv_sys_global_symbol_to_c_name_address='sed -n -e '\''s/^: \(.*\) .*$/  {"\1", (void *) 0},/p'\'' -e '\''s/^[ABCDGIRSTW][ABCDGIRSTW]* .* \(.*\)$/  {"\1", (void *) \&\1},/p'\'''
lt_cv_sys_global_symbol_to_c_name_address_lib_prefix='sed -n -e '\''s/^: \(.*\) .*$/  {"\1", (void *) 0},/p'\'' -e '\''s/^[ABCDGIRSTW][ABCDGIRSTW]* .* \(lib.*\)$/  {"\1", (void *) \&\1},/p'\'' -e '\''s/^[ABCDGIRSTW][ABCDGIRSTW]* .* \(.*\)$/  {"lib\1", (void *) \&\1},/p'\'''
lt_cv_sys_global_symbol_to_cdecl='sed -n -e '\''s/^T .* \(.*\)$/extern int \1();/p'\'' -e '\''s/^[ABCDGIRSTW][ABCDGIRSTW]* .* \(.*\)$/extern char \1;/p'\'''
lt_cv_sys_global_symbol_to_import=
lt_cv_sys_max_cmd_len=1572864
lt_cv_to_host_file_cmd=func_convert_file_noop
lt_cv_to_tool_file_cmd=func_convert_file_noop
lt_cv_truncate_bin='/bin/dd bs=4096 count=1'
php_cv_cc_dashr=no
php_cv_cc_rpath=yes

## ----------------- ##
## Output variables. ##
## ----------------- ##

AR='ar'
AWK='nawk'
CC='cc'
CFLAGS='-g -O2'
CONFIGURE_COMMAND=' '\''./configure'\''  '\''--enable-vehicles'\'''
CONFIGURE_OPTIONS=' '\''--enable-vehicles'\'''
CPP='cc -E'
CPPFLAGS=' -DHAVE_CONFIG_H'
CXX='g++'
CXXCPP='g++ -E'
CXXFLAGS='-g -O2'
DEFS='-DHAVE_CONFIG_H'
DLLTOOL='false'
DSYMUTIL=''
DUMPBIN=''
ECHO_C=''
ECHO_N='-n'
ECHO_T=''
EGREP='/bin/grep -E'
EXEEXT=''
FGREP='/bin/grep -F'
GREP='/bin/grep'
LD='/usr/bin/ld -m elf_x86_64'
LDFLAGS=''
LIBOBJS=''
LIBS='-lstdc++ '
LIBTOOL='$(SHELL) $(top_builddir)/libtool'
LIPO=''
LN_S='ln -s'
LTLIBOBJS=''
LT_SYS_LIBRARY_PATH=''
MANIFEST_TOOL=':'
NM='/usr/bin/nm -B'
NMEDIT=''
OBJDUMP='objdump'
OBJEXT='o'
OTOOL64=''
OTOOL=''
PACKAGE_BUGREPORT=''
PACKAGE_NAME=''
PACKAGE_STRING=''
PACKAGE_TARNAME=''
PACKAGE_URL=''
PACKAGE_VERSION=''
PATH_SEPARATOR=':'
RANLIB='ranlib'
RE2C='exit 0;'
SED='/bin/sed'
SHELL='/bin/bash'
SHLIB_DL_SUFFIX_NAME='so'
SHLIB_SUFFIX_NAME='so'
STRIP='strip'
ac_ct_AR='ar'
ac_ct_CC='cc'
ac_ct_CXX='g++'
ac_ct_DUMPBIN=''
bindir='${exec_prefix}/bin'
build='x86_64-pc-linux-gnu'
build_alias=''
build_cpu='x86_64'
build_os='linux-gnu'
build_vendor='pc'
datadir='${datarootdir}'
datarootdir='${prefix}/share'
docdir='${datarootdir}/doc/${PACKAGE}'
dvidir='${docdir}'
exec_prefix='$(prefix)'
host='x86_64-pc-linux-gnu'
host_alias='x86_64-pc-linux-gnu'
host_cpu='x86_64'
host_os='linux-gnu'
host_vendor='pc'
htmldir='${docdir}'
includedir='${prefix}/include'
infodir='${datarootdir}/info'
libdir='${exec_prefix}/lib'
libexecdir='${exec_prefix}/libexec'
localedir='${datarootdir}/locale'
localstatedir='${prefix}/var'
mandir='${datarootdir}/man'
oldincludedir='/usr/include'
pdfdir='${docdir}'
prefix='/usr'
program_transform_name='s,x,x,'
psdir='${docdir}'
runstatedir='${localstatedir}/run'
sbindir='${exec_prefix}/sbin'
sharedstatedir='${prefix}/com'
sysconfdir='${prefix}/etc'
target='x86_64-pc-linux-gnu'
target_alias=''
target_cpu='x86_64'
target_os='linux-gnu'
target_vendor='pc'

## ----------- ##
## confdefs.h. ##
## ----------- ##

/* confdefs.h */
#define PACKAGE_NAME ""
#define PACKAGE_TARNAME ""
#define PACKAGE_VERSION ""
#define PACKAGE_STRING ""
#define PACKAGE_BUGREPORT ""
#define PACKAGE_URL ""
#define COMPILE_DL_VEHICLES 1
#define STDC_HEADERS 1
#define HAVE_SYS_TYPES_H 1
#define HAVE_SYS_STAT_H 1
#define HAVE_STDLIB_H 1
#define HAVE_STRING_H 1
#define HAVE_MEMORY_H 1
#define HAVE_STRINGS_H 1
#define HAVE_INTTYPES_H 1
#define HAVE_STDINT_H 1
#define HAVE_UNISTD_H 1
#define HAVE_DLFCN_H 1
#define LT_OBJDIR ".libs/"

configure: exit 0
